2024-02-13 04:11:55 Loading main app package /usr/lib/obsidian/obsidian.asar
2024-02-13 04:11:55 Checking for update using Github
2024-02-13 04:11:56 Success.
2024-02-13 04:11:56 Latest version is 1.5.3
2024-02-13 04:11:56 App is up to date.
2024-02-13 04:13:16 Loading main app package /usr/lib/obsidian/obsidian.asar
2024-02-13 04:13:17 Checking for update using Github
2024-02-13 04:13:17 Success.
2024-02-13 04:13:17 Latest version is 1.5.3
2024-02-13 04:13:17 App is up to date.
2024-02-13 04:15:30 Checking for update using Github
2024-02-13 04:15:30 Success.
2024-02-13 04:15:30 Latest version is 1.5.3
2024-02-13 04:15:30 App is up to date.
2024-02-13 04:51:19 Loading main app package /usr/lib/obsidian/obsidian.asar
2024-02-13 04:51:19 Checking for update using Github
2024-02-13 04:51:25 Success.
2024-02-13 04:51:25 Latest version is 1.5.3
2024-02-13 04:51:25 App is up to date.
2024-02-13 04:51:39 Loading main app package /usr/lib/obsidian/obsidian.asar
2024-02-13 04:51:39 Checking for update using Github
2024-02-13 04:51:39 Success.
2024-02-13 04:51:39 Latest version is 1.5.3
2024-02-13 04:51:39 App is up to date.
2024-02-13 04:53:59 Loading main app package /usr/lib/obsidian/obsidian.asar
2024-02-13 04:53:59 Checking for update using Github
2024-02-13 04:53:59 Success.
2024-02-13 04:53:59 Latest version is 1.5.3
2024-02-13 04:53:59 App is up to date.
2024-02-15 04:00:18 Loading main app package /usr/lib/obsidian/obsidian.asar
2024-02-15 04:00:19 Checking for update using Github
2024-02-15 04:00:19 Success.
2024-02-15 04:00:19 Latest version is 1.5.3
2024-02-15 04:00:19 App is up to date.
2024-02-15 04:02:26 Loading main app package /usr/lib/obsidian/obsidian.asar
2024-02-15 04:02:26 Checking for update using Github
2024-02-15 04:02:26 Success.
2024-02-15 04:02:26 Latest version is 1.5.3
2024-02-15 04:02:26 App is up to date.
2024-02-15 05:02:26 Checking for update using Github
2024-02-15 05:02:27 Success.
2024-02-15 05:02:27 Latest version is 1.5.3
2024-02-15 05:02:27 App is up to date.
